1525579497683	geckodriver	INFO	geckodriver 0.20.1
1525579497692	geckodriver	INFO	Listening on 127.0.0.1:62101
1525579500697	mozrunner::runner	INFO	Running command: "C:\\Program Files (x86)\\Mozilla Firefox\\firefox.exe" "-marionette" "-profile" "C:\\Users\\ADMINI~1\\AppData\\Local\\Temp\\rust_mozprofile.VwwnsUmAOhYn"
1525579501604	Marionette	INFO	Enabled via --marionette
1525579504546	Marionette	INFO	Listening on port 62109
1525579504830	Marionette	WARN	TLS certificate errors will be ignored for this session
JavaScript warning: http://lftbjb.52fdw.com:9058/LFT-EditingSystem/jquery-easyui-1.4/jquery.easyui.min.js, line 7605: unreachable code after return statement
JavaScript warning: http://lftbjb.52fdw.com:9058/LFT-EditingSystem/jquery-easyui-1.4/jquery.easyui.min.js, line 7605: unreachable code after return statement
JavaScript warning: http://lftbjb.52fdw.com:9058/LFT-EditingSystem/jquery-easyui-1.4/jquery.easyui.min.js, line 7605: unreachable code after return statement
warning: http://lftbjb.52fdw.com:9058/LFT-EditingSystem/jquery-easyui-1.4/jquery.easyui.min.js, line 7605: unreachable code after return statement
JavaScript warning: http://lftbjb.52fdw.com:9058/LFT-EditingSystem/jquery-easyui-1.4/jquery.easyui.min.js, line 7605: unreachable code after return statement
JavaScript warning: http://lftbjb.52fdw.com:9058/LFT-EditingSystem/jquery-easyui-1.4/jquery.easyui.min.js, line 7605: unreachable code after return statement
JavaScript warning: http://lftbjb.52fdw.com:9058/LFT-EditingSystem/jquery-easyui-1.4/jquery.easyui.min.js, line 7605: unreachable code after return statement
ui-1.4/jquery.easyui.min.js, line 7605: unreachable code after return statement
[Child 12316, Chrome_ChildThread] WARNING: pipe error: 109: file z:/build/build/src/ipc/chromium/src/chrome/common/ipc_channel_win.cc, line 346
[Child 12316, Chrome_ChildThread] WARNING: pipe error: 109: file z:/build/build/src/ipc/chromium/src/chrome/common/ipc_channel_win.cc, line 346
[Child 8920, Chrome_ChildThread] WARNING: pipe error: 109: file z:/build/build/src/ipc/chromium/src/chrome/common/ipc_channel_win.cc, line 346
[Child 8920, Chrome_ChildThread] WARNING: pipe error: 109: file z:/build/build/src/ipc/chromium/src/chrome/common/ipc_channel_win.cc, line 346
[Parent 13152, Gecko_IOThread] WARNING: pipe error: 109: file z:/build/build/src/ipc/chromium/src/chrome/common/ipc_channel_win.cc, line 346
[GPU 9760, Chrome_ChildThread] WARNING: pipe error: 109: file z:/build/build/src/ipc/chromium/src/chrome/common/ipc_channel_win.cc, line 346

###!!! [Child][MessageChannel::SendAndWait] Error: Channel error: cannot send/recv

